<?xml version="1.0" encoding="UTF-8"?>
<testsuite xmlns:xsi="http://www.w3.org/2001/XMLSchema-instance" xsi:schemaLocation="https://maven.apache.org/surefire/maven-surefire-plugin/xsd/surefire-test-report.xsd" name="UserControllerTest" time="3.483" tests="3" errors="0" skipped="0" failures="3">
  <properties>
[...]
</properties>
  <testcase name="test_get_by_id_success on test_get_by_id_success(UserControllerTest)" classname="UserControllerTest" time="2.497">
    <failure message="Status expected:&lt;200&gt; but was:&lt;404&gt;" type="java.lang.AssertionError"><![CDATA[java.lang.AssertionError: Status expected:<200> but was:<404>
	at UserControllerTest.test_get_by_id_success(UserControllerTest.java:98)
]]></failure>
    <system-out><![CDATA[08:18:52.858 [main] INFO  o.h.validator.internal.util.Version - HV000001: Hibernate Validator 5.4.0.Final
]]></system-out>
    <system-err><![CDATA[Jun 13, 2017 8:18:51 AM org.springframework.test.web.servlet.setup.StandaloneMockMvcBuilder$StaticRequestMappingHandlerMapping register
INFO: Mapped "{[/newuser],methods=[POST]}" onto public java.lang.String coffee.controller.AppController.saveUser(coffee.model.User,org.springframework.validation.BindingResult,org.springframework.ui.ModelMap)
Jun 13, 2017 8:18:51 AM org.springframework.test.web.servlet.setup.StandaloneMockMvcBuilder$StaticRequestMappingHandlerMapping register
INFO: Mapped "{[/edit-user-{ssoId}],methods=[POST]}" onto public java.lang.String coffee.controller.AppController.updateUser(coffee.model.User,org.springframework.validation.BindingResult,org.springframework.ui.ModelMap,java.lang.String)
Jun 13, 2017 8:18:51 AM org.springframework.test.web.servlet.setup.StandaloneMockMvcBuilder$StaticRequestMappingHandlerMapping register
INFO: Mapped "{[/ || /list],methods=[GET]}" onto public java.lang.String coffee.controller.AppController.listUsers(org.springframework.ui.ModelMap)
Jun 13, 2017 8:18:51 AM org.springframework.test.web.servlet.setup.StandaloneMockMvcBuilder$StaticRequestMappingHandlerMapping register
INFO: Mapped "{[/newuser],methods=[GET]}" onto public java.lang.String coffee.controller.AppController.newUser(org.springframework.ui.ModelMap)
Jun 13, 2017 8:18:51 AM org.springframework.test.web.servlet.setup.StandaloneMockMvcBuilder$StaticRequestMappingHandlerMapping register
INFO: Mapped "{[/edit-user-{ssoId}],methods=[GET]}" onto public java.lang.String coffee.controller.AppController.editUser(java.lang.String,org.springframework.ui.ModelMap)
Jun 13, 2017 8:18:51 AM org.springframework.test.web.servlet.setup.StandaloneMockMvcBuilder$StaticRequestMappingHandlerMapping register
INFO: Mapped "{[/delete-user-{ssoId}],methods=[GET]}" onto public java.lang.String coffee.controller.AppController.deleteUser(java.lang.String)
Jun 13, 2017 8:18:51 AM org.springframework.test.web.servlet.setup.StandaloneMockMvcBuilder$StaticRequestMappingHandlerMapping register
INFO: Mapped "{[/Access_Denied],methods=[GET]}" onto public java.lang.String coffee.controller.AppController.accessDeniedPage(org.springframework.ui.ModelMap)
Jun 13, 2017 8:18:51 AM org.springframework.test.web.servlet.setup.StandaloneMockMvcBuilder$StaticRequestMappingHandlerMapping register
INFO: Mapped "{[/login],methods=[GET]}" onto public java.lang.String coffee.controller.AppController.loginPage()
Jun 13, 2017 8:18:51 AM org.springframework.test.web.servlet.setup.StandaloneMockMvcBuilder$StaticRequestMappingHandlerMapping register
INFO: Mapped "{[/logout],methods=[GET]}" onto public java.lang.String coffee.controller.AppController.logoutPage(javax.servlet.http.HttpServletRequest,javax.servlet.http.HttpServletResponse)
Jun 13, 2017 8:18:52 AM org.springframework.web.servlet.mvc.method.annotation.RequestMappingHandlerAdapter initControllerAdviceCache
INFO: Looking for @ControllerAdvice: org.springframework.test.web.servlet.setup.StubWebApplicationContext@5b8853
Jun 13, 2017 8:18:53 AM org.springframework.mock.web.MockServletContext log
INFO: Initializing Spring FrameworkServlet ''
Jun 13, 2017 8:18:53 AM org.springframework.test.web.servlet.TestDispatcherServlet initServletBean
INFO: FrameworkServlet '': initialization started
Jun 13, 2017 8:18:53 AM org.springframework.test.web.servlet.TestDispatcherServlet initServletBean
INFO: FrameworkServlet '': initialization completed in 5 ms
Jun 13, 2017 8:18:53 AM org.springframework.web.servlet.PageNotFound noHandlerFound
WARNING: No mapping found for HTTP request with URI [/users/1] in DispatcherServlet with name ''
]]></system-err>
  </testcase>
  <testcase name="test_get_by_id_fail_404_not_found on test_get_by_id_fail_404_not_found(UserControllerTest)" classname="UserControllerTest" time="0.072">
    <failure message="&#10;Wanted but not invoked:&#10;userService.findById(1);&#10;-&gt; at UserControllerTest.test_get_by_id_fail_404_not_found(UserControllerTest.java:115)&#10;Actually, there were zero interactions with this mock.&#10;" type="org.mockito.exceptions.verification.WantedButNotInvoked">org.mockito.exceptions.verification.WantedButNotInvoked: 

Wanted but not invoked:
userService.findById(1);
-> at UserControllerTest.test_get_by_id_fail_404_not_found(UserControllerTest.java:115)
Actually, there were zero interactions with this mock.

	at UserControllerTest.test_get_by_id_fail_404_not_found(UserControllerTest.java:115)
</failure>
    <system-err><![CDATA[Jun 13, 2017 8:18:53 AM org.springframework.test.web.servlet.setup.StandaloneMockMvcBuilder$StaticRequestMappingHandlerMapping register
INFO: Mapped "{[/newuser],methods=[POST]}" onto public java.lang.String coffee.controller.AppController.saveUser(coffee.model.User,org.springframework.validation.BindingResult,org.springframework.ui.ModelMap)
Jun 13, 2017 8:18:53 AM org.springframework.test.web.servlet.setup.StandaloneMockMvcBuilder$StaticRequestMappingHandlerMapping register
INFO: Mapped "{[/edit-user-{ssoId}],methods=[POST]}" onto public java.lang.String coffee.controller.AppController.updateUser(coffee.model.User,org.springframework.validation.BindingResult,org.springframework.ui.ModelMap,java.lang.String)
Jun 13, 2017 8:18:53 AM org.springframework.test.web.servlet.setup.StandaloneMockMvcBuilder$StaticRequestMappingHandlerMapping register
INFO: Mapped "{[/ || /list],methods=[GET]}" onto public java.lang.String coffee.controller.AppController.listUsers(org.springframework.ui.ModelMap)
Jun 13, 2017 8:18:53 AM org.springframework.test.web.servlet.setup.StandaloneMockMvcBuilder$StaticRequestMappingHandlerMapping register
INFO: Mapped "{[/newuser],methods=[GET]}" onto public java.lang.String coffee.controller.AppController.newUser(org.springframework.ui.ModelMap)
Jun 13, 2017 8:18:53 AM org.springframework.test.web.servlet.setup.StandaloneMockMvcBuilder$StaticRequestMappingHandlerMapping register
INFO: Mapped "{[/edit-user-{ssoId}],methods=[GET]}" onto public java.lang.String coffee.controller.AppController.editUser(java.lang.String,org.springframework.ui.ModelMap)
Jun 13, 2017 8:18:53 AM org.springframework.test.web.servlet.setup.StandaloneMockMvcBuilder$StaticRequestMappingHandlerMapping register
INFO: Mapped "{[/delete-user-{ssoId}],methods=[GET]}" onto public java.lang.String coffee.controller.AppController.deleteUser(java.lang.String)
Jun 13, 2017 8:18:53 AM org.springframework.test.web.servlet.setup.StandaloneMockMvcBuilder$StaticRequestMappingHandlerMapping register
INFO: Mapped "{[/Access_Denied],methods=[GET]}" onto public java.lang.String coffee.controller.AppController.accessDeniedPage(org.springframework.ui.ModelMap)
Jun 13, 2017 8:18:53 AM org.springframework.test.web.servlet.setup.StandaloneMockMvcBuilder$StaticRequestMappingHandlerMapping register
INFO: Mapped "{[/login],methods=[GET]}" onto public java.lang.String coffee.controller.AppController.loginPage()
Jun 13, 2017 8:18:53 AM org.springframework.test.web.servlet.setup.StandaloneMockMvcBuilder$StaticRequestMappingHandlerMapping register
INFO: Mapped "{[/logout],methods=[GET]}" onto public java.lang.String coffee.controller.AppController.logoutPage(javax.servlet.http.HttpServletRequest,javax.servlet.http.HttpServletResponse)
Jun 13, 2017 8:18:53 AM org.springframework.web.servlet.mvc.method.annotation.RequestMappingHandlerAdapter initControllerAdviceCache
INFO: Looking for @ControllerAdvice: org.springframework.test.web.servlet.setup.StubWebApplicationContext@1b914e36
Jun 13, 2017 8:18:53 AM org.springframework.mock.web.MockServletContext log
INFO: Initializing Spring FrameworkServlet ''
Jun 13, 2017 8:18:53 AM org.springframework.test.web.servlet.TestDispatcherServlet initServletBean
INFO: FrameworkServlet '': initialization started
Jun 13, 2017 8:18:53 AM org.springframework.test.web.servlet.TestDispatcherServlet initServletBean
INFO: FrameworkServlet '': initialization completed in 0 ms
Jun 13, 2017 8:18:53 AM org.springframework.web.servlet.PageNotFound noHandlerFound
WARNING: No mapping found for HTTP request with URI [/users/1] in DispatcherServlet with name ''
]]></system-err>
  </testcase>
  <testcase name="test_get_all_success on test_get_all_success(UserControllerTest)" classname="UserControllerTest" time="0.055">
    <failure message="Status expected:&lt;200&gt; but was:&lt;404&gt;" type="java.lang.AssertionError"><![CDATA[java.lang.AssertionError: Status expected:<200> but was:<404>
	at UserControllerTest.test_get_all_success(UserControllerTest.java:73)
]]></failure>
    <system-err><![CDATA[Jun 13, 2017 8:18:53 AM org.springframework.test.web.servlet.setup.StandaloneMockMvcBuilder$StaticRequestMappingHandlerMapping register
INFO: Mapped "{[/newuser],methods=[POST]}" onto public java.lang.String coffee.controller.AppController.saveUser(coffee.model.User,org.springframework.validation.BindingResult,org.springframework.ui.ModelMap)
Jun 13, 2017 8:18:53 AM org.springframework.test.web.servlet.setup.StandaloneMockMvcBuilder$StaticRequestMappingHandlerMapping register
INFO: Mapped "{[/edit-user-{ssoId}],methods=[POST]}" onto public java.lang.String coffee.controller.AppController.updateUser(coffee.model.User,org.springframework.validation.BindingResult,org.springframework.ui.ModelMap,java.lang.String)
Jun 13, 2017 8:18:53 AM org.springframework.test.web.servlet.setup.StandaloneMockMvcBuilder$StaticRequestMappingHandlerMapping register
INFO: Mapped "{[/ || /list],methods=[GET]}" onto public java.lang.String coffee.controller.AppController.listUsers(org.springframework.ui.ModelMap)
Jun 13, 2017 8:18:53 AM org.springframework.test.web.servlet.setup.StandaloneMockMvcBuilder$StaticRequestMappingHandlerMapping register
INFO: Mapped "{[/newuser],methods=[GET]}" onto public java.lang.String coffee.controller.AppController.newUser(org.springframework.ui.ModelMap)
Jun 13, 2017 8:18:53 AM org.springframework.test.web.servlet.setup.StandaloneMockMvcBuilder$StaticRequestMappingHandlerMapping register
INFO: Mapped "{[/edit-user-{ssoId}],methods=[GET]}" onto public java.lang.String coffee.controller.AppController.editUser(java.lang.String,org.springframework.ui.ModelMap)
Jun 13, 2017 8:18:53 AM org.springframework.test.web.servlet.setup.StandaloneMockMvcBuilder$StaticRequestMappingHandlerMapping register
INFO: Mapped "{[/delete-user-{ssoId}],methods=[GET]}" onto public java.lang.String coffee.controller.AppController.deleteUser(java.lang.String)
Jun 13, 2017 8:18:53 AM org.springframework.test.web.servlet.setup.StandaloneMockMvcBuilder$StaticRequestMappingHandlerMapping register
INFO: Mapped "{[/Access_Denied],methods=[GET]}" onto public java.lang.String coffee.controller.AppController.accessDeniedPage(org.springframework.ui.ModelMap)
Jun 13, 2017 8:18:53 AM org.springframework.test.web.servlet.setup.StandaloneMockMvcBuilder$StaticRequestMappingHandlerMapping register
INFO: Mapped "{[/login],methods=[GET]}" onto public java.lang.String coffee.controller.AppController.loginPage()
Jun 13, 2017 8:18:53 AM org.springframework.test.web.servlet.setup.StandaloneMockMvcBuilder$StaticRequestMappingHandlerMapping register
INFO: Mapped "{[/logout],methods=[GET]}" onto public java.lang.String coffee.controller.AppController.logoutPage(javax.servlet.http.HttpServletRequest,javax.servlet.http.HttpServletResponse)
Jun 13, 2017 8:18:53 AM org.springframework.web.servlet.mvc.method.annotation.RequestMappingHandlerAdapter initControllerAdviceCache
INFO: Looking for @ControllerAdvice: org.springframework.test.web.servlet.setup.StubWebApplicationContext@2da7ef3e
Jun 13, 2017 8:18:53 AM org.springframework.mock.web.MockServletContext log
INFO: Initializing Spring FrameworkServlet ''
Jun 13, 2017 8:18:53 AM org.springframework.test.web.servlet.TestDispatcherServlet initServletBean
INFO: FrameworkServlet '': initialization started
Jun 13, 2017 8:18:53 AM org.springframework.test.web.servlet.TestDispatcherServlet initServletBean
INFO: FrameworkServlet '': initialization completed in 1 ms
Jun 13, 2017 8:18:53 AM org.springframework.web.servlet.PageNotFound noHandlerFound
WARNING: No mapping found for HTTP request with URI [/users] in DispatcherServlet with name ''
]]></system-err>
  </testcase>
</testsuite>